<?xml version="1.0" encoding="UTF-8"?>
<!-- Generated by org.testng.reporters.JUnitXMLReporter -->
<testsuite hostname="MAHESHBA01" ignored="0" name="Group of group Test" tests="5" failures="0" timestamp="26 Apr 2018 14:25:38 GMT" time="14.029" errors="0">
  <testcase name="@BeforeTest automationSetup" time="13.987" classname="test.java.com.training.SDET_Assignment.WebPages.Guru99_Page">
    <failure type="org.openqa.selenium.WebDriverException" message="chrome not reachable
  (Session info: chrome=65.0.3325.181)
  (Driver info: chromedriver=2.35.528161 (5b82f2d2aae0ca24b877009200ced9065a772e73),platform=Windows NT 10.0.10586 x86_64) (WARNING: The server did not provide any stacktrace information)
Command duration or timeout: 0 milliseconds
Build info: version: &amp;apos;3.9.1&amp;apos;, revision: &amp;apos;63f7b50&amp;apos;, time: &amp;apos;2018-02-07T22:25:02.294Z&amp;apos;
System info: host: &amp;apos;MAHESHBA01&amp;apos;, ip: &amp;apos;10.19.121.161&amp;apos;, os.name: &amp;apos;Windows 10&amp;apos;, os.arch: &amp;apos;x86&amp;apos;, os.version: &amp;apos;10.0&amp;apos;, java.version: &amp;apos;1.8.0_161&amp;apos;
Driver info: org.openqa.selenium.chrome.ChromeDriver
Capabilities {acceptInsecureCerts: false, acceptSslCerts: false, applicationCacheEnabled: false, browserConnectionEnabled: false, browserName: chrome, chrome: {chromedriverVersion: 2.35.528161 (5b82f2d2aae0ca..., userDataDir: C:\Users\maheshba\AppData\L...}, cssSelectorsEnabled: true, databaseEnabled: false, handlesAlerts: true, hasTouchScreen: false, javascriptEnabled: true, locationContextEnabled: true, mobileEmulationEnabled: false, nativeEvents: true, networkConnectionEnabled: false, pageLoadStrategy: normal, platform: XP, platformName: XP, rotatable: false, setWindowRect: true, takesHeapSnapshot: true, takesScreenshot: true, unexpectedAlertBehaviour: , unhandledPromptBehavior: , version: 65.0.3325.181, webStorageEnabled: true}
Session ID: 2f32b7428244f9330869e0b531274097">
      <![CDATA[org.openqa.selenium.WebDriverException: chrome not reachable
  (Session info: chrome=65.0.3325.181)
  (Driver info: chromedriver=2.35.528161 (5b82f2d2aae0ca24b877009200ced9065a772e73),platform=Windows NT 10.0.10586 x86_64) (WARNING: The server did not provide any stacktrace information)
Command duration or timeout: 0 milliseconds
Build info: version: '3.9.1', revision: '63f7b50', time: '2018-02-07T22:25:02.294Z'
System info: host: 'MAHESHBA01', ip: '10.19.121.161', os.name: 'Windows 10', os.arch: 'x86', os.version: '10.0', java.version: '1.8.0_161'
Driver info: org.openqa.selenium.chrome.ChromeDriver
Capabilities {acceptInsecureCerts: false, acceptSslCerts: false, applicationCacheEnabled: false, browserConnectionEnabled: false, browserName: chrome, chrome: {chromedriverVersion: 2.35.528161 (5b82f2d2aae0ca..., userDataDir: C:\Users\maheshba\AppData\L...}, cssSelectorsEnabled: true, databaseEnabled: false, handlesAlerts: true, hasTouchScreen: false, javascriptEnabled: true, locationContextEnabled: true, mobileEmulationEnabled: false, nativeEvents: true, networkConnectionEnabled: false, pageLoadStrategy: normal, platform: XP, platformName: XP, rotatable: false, setWindowRect: true, takesHeapSnapshot: true, takesScreenshot: true, unexpectedAlertBehaviour: , unhandledPromptBehavior: , version: 65.0.3325.181, webStorageEnabled: true}
Session ID: 2f32b7428244f9330869e0b531274097
	at org.openqa.selenium.remote.ErrorHandler.createThrowable(ErrorHandler.java:214)
	at org.openqa.selenium.remote.ErrorHandler.throwIfResponseFailed(ErrorHandler.java:166)
	at org.openqa.selenium.remote.http.JsonHttpResponseCodec.reconstructValue(JsonHttpResponseCodec.java:40)
	at org.openqa.selenium.remote.http.AbstractHttpResponseCodec.decode(AbstractHttpResponseCodec.java:80)
	at org.openqa.selenium.remote.http.AbstractHttpResponseCodec.decode(AbstractHttpResponseCodec.java:44)
	at org.openqa.selenium.remote.HttpCommandExecutor.execute(HttpCommandExecutor.java:160)
	at org.openqa.selenium.remote.service.DriverCommandExecutor.execute(DriverCommandExecutor.java:83)
	at org.openqa.selenium.remote.RemoteWebDriver.execute(RemoteWebDriver.java:601)
	at org.openqa.selenium.remote.RemoteWebDriver.execute(RemoteWebDriver.java:658)
	at org.openqa.selenium.remote.RemoteWebDriver$RemoteWebDriverOptions.deleteAllCookies(RemoteWebDriver.java:743)
	at test.java.com.training.SDET_Assignment.WebPages.CommonLib.getDriver(CommonLib.java:133)
	at test.java.com.training.SDET_Assignment.WebPages.Guru99_Page.automationSetup(Guru99_Page.java:51)
... Removed 36 stack frames]]>
    </failure>
  </testcase> <!-- @BeforeTest automationSetup -->
  <testcase name="@AfterTest closeTests" time="0.0" classname="test.java.com.training.SDET_Assignment.WebPages.Guru99_Page">
    <skipped/>
  </testcase> <!-- @AfterTest closeTests -->
  <testcase name="generate_Login_password" time="0.0" classname="test.java.com.training.SDET_Assignment.WebPages.Guru99_Page">
    <skipped/>
  </testcase> <!-- generate_Login_password -->
  <testcase name="create_Customer" time="0.0" classname="test.java.com.training.SDET_Assignment.WebPages.Guru99_Page">
    <skipped/>
  </testcase> <!-- create_Customer -->
  <testcase name="create_Account" time="0.0" classname="test.java.com.training.SDET_Assignment.WebPages.Guru99_Page">
    <skipped/>
  </testcase> <!-- create_Account -->
  <testcase name="edit_Customer" time="0.0" classname="test.java.com.training.SDET_Assignment.WebPages.Guru99_Page">
    <skipped/>
  </testcase> <!-- edit_Customer -->
  <testcase name="customised_Statement" time="0.0" classname="test.java.com.training.SDET_Assignment.WebPages.Guru99_Page">
    <skipped/>
  </testcase> <!-- customised_Statement -->
</testsuite> <!-- Group of group Test -->
